[2025-06-30 11:58:08.565] [info]  closeMain: undefined
[2025-06-30 12:03:08.228] [info]  Checking for update
[2025-06-30 12:03:08.228] [info]  Checking for update
[2025-06-30 12:03:08.238] [info]  Generated new staging user ID: bccc9b84-42b7-530b-95d4-c3c63628d520
[2025-06-30 12:03:08.951] [info]  Found version 0.47.5 (url: Anytype-0.47.5.AppImage, anytype_0.47.5_amd64.deb, anytype_0.47.5_amd64.deb, anytype_0.47.5_amd64.deb, anytype-0.47.5.x86_64.rpm, anytype-0.47.5.x86_64.rpm, anytype-0.47.5.x86_64.rpm)
[2025-06-30 12:03:08.951] [info]  Update available: {
   "version": "0.47.5",
   "files": [
      {
         "url": "Anytype-0.47.5.AppImage",
         "sha512": "NugfWs82W6VM5U70CdN78YLimvnL4sDCns5T/fO2ctH9GkNCfLLc12qkqaueNPmRpsqjJPFoIZqAjj4K0HPCug==",
         "size": 228604433,
         "blockMapSize": 240165
      },
      {
         "url": "anytype_0.47.5_amd64.deb",
         "sha512": "QEe0l6GQE8y4uBlpzTopek9G4cb0NZsuAWbT4B2M7jkgU9lHnJU49VqEp7gQKFVerMOgamRDE0F0mL3juLJd+w==",
         "size": 169008050
      },
      {
         "url": "anytype_0.47.5_amd64.deb",
         "sha512": "QEe0l6GQE8y4uBlpzTopek9G4cb0NZsuAWbT4B2M7jkgU9lHnJU49VqEp7gQKFVerMOgamRDE0F0mL3juLJd+w==",
         "size": 169008050
      },
      {
         "url": "anytype_0.47.5_amd64.deb",
         "sha512": "QEe0l6GQE8y4uBlpzTopek9G4cb0NZsuAWbT4B2M7jkgU9lHnJU49VqEp7gQKFVerMOgamRDE0F0mL3juLJd+w==",
         "size": 169008050
      },
      {
         "url": "anytype-0.47.5.x86_64.rpm",
         "sha512": "5WsjhGLaDk9v1HkWKwr5VLeYV77dd/VDPNI9CClaeIfPfTL6rbyRqmBM8O1rFmXenI087GeEKMS7ifFTzZtWVA==",
         "size": 170143649
      },
      {
         "url": "anytype-0.47.5.x86_64.rpm",
         "sha512": "5WsjhGLaDk9v1HkWKwr5VLeYV77dd/VDPNI9CClaeIfPfTL6rbyRqmBM8O1rFmXenI087GeEKMS7ifFTzZtWVA==",
         "size": 170143649
      },
      {
         "url": "anytype-0.47.5.x86_64.rpm",
         "sha512": "5WsjhGLaDk9v1HkWKwr5VLeYV77dd/VDPNI9CClaeIfPfTL6rbyRqmBM8O1rFmXenI087GeEKMS7ifFTzZtWVA==",
         "size": 170143649
      }
   ],
   "path": "Anytype-0.47.5.AppImage",
   "sha512": "NugfWs82W6VM5U70CdN78YLimvnL4sDCns5T/fO2ctH9GkNCfLLc12qkqaueNPmRpsqjJPFoIZqAjj4K0HPCug==",
   "releaseDate": "2025-06-30T15:45:17.277Z"
}
[2025-06-30 12:03:08.952] [info]  Downloading update from Anytype-0.47.5.AppImage, anytype_0.47.5_amd64.deb, anytype_0.47.5_amd64.deb, anytype_0.47.5_amd64.deb, anytype-0.47.5.x86_64.rpm, anytype-0.47.5.x86_64.rpm, anytype-0.47.5.x86_64.rpm
[2025-06-30 12:03:08.953] [debug] updater cache dir: /home/aidan/.cache/anytype-updater
[2025-06-30 12:03:08.954] [debug] checkForUpdatesAndNotify called, downloadPromise is null
[2025-06-30 12:03:09.819] [info]  File has 7061 changed blocks
[2025-06-30 12:03:09.820] [debug] [
  {
    "kind": 0,
    "start": 0,
    "end": 159006
  },
  {
    "kind": 1,
    "start": 159006,
    "end": 191774
  },
  {
    "kind": 0,
    "start": 191774,
    "end": 2108660
  },
  {
    "kind": 1,
    "start": 2108660,
    "end": 2224637
  },
  {
    "kind": 0,
    "start": 2224665,
    "end": 2322235
  },
  {
    "kind": 1,
    "start": 2322207,
    "end": 4827711
  },
  {
    "kind": 0,
    "start": 4827463,
    "end": 5985348
  },
  {
    "kind": 1,
    "start": 5985596,
    "end": 6018405
  },
  {
    "kind": 0,
    "start": 6018162,
    "end": 9011871
  },
  {
    "kind": 1,
    "start": 9012114,
    "end": 9077753
  },
  {
    "kind": 0,
    "start": 9077502,
    "end": 9107136
  },
  {
    "kind": 1,
    "start": 9107387,
    "end": 10957947
  },
  {
    "kind": 0,
    "start": 10957834,
    "end": 11319733
  },
  {
    "kind": 1,
    "start": 11319846,
    "end": 11448438
  },
  {
    "kind": 0,
    "start": 11448313,
    "end": 11895895
  },
  {
    "kind": 1,
    "start": 11896020,
    "end": 12030019
  },
  {
    "kind": 0,
    "start": 12029894,
    "end": 12061904
  },
  {
    "kind": 1,
    "start": 12062029,
    "end": 13020412
  },
  {
    "kind": 0,
    "start": 13020269,
    "end": 13030948
  },
  {
    "kind": 1,
    "start": 13031091,
    "end": 13198803
  },
  {
    "kind": 0,
    "start": 13198658,
    "end": 13419529
  },
  {
    "kind": 1,
    "start": 13419674,
    "end": 13746703
  },
  {
    "kind": 0,
    "start": 13746457,
    "end": 13827434
  },
  {
    "kind": 1,
    "start": 13827680,
    "end": 14008590
  },
  {
    "kind": 0,
    "start": 14008276,
    "end": 14687604
  },
  {
    "kind": 1,
    "start": 14687918,
    "end": 14751845
  },
  {
    "kind": 0,
    "start": 14751530,
    "end": 15110240
  },
  {
    "kind": 1,
    "start": 15110555,
    "end": 82605919
  },
  {
    "kind": 0,
    "start": 82611546,
    "end": 105189037
  },
  {
    "kind": 1,
    "start": 105183410,
    "end": 131216745
  },
  {
    "kind": 0,
    "start": 130193332,
    "end": 132005830
  },
  {
    "kind": 1,
    "start": 133029243,
    "end": 133055981
  },
  {
    "kind": 0,
    "start": 132032573,
    "end": 132042637
  },
  {
    "kind": 1,
    "start": 133066045,
    "end": 144074854
  },
  {
    "kind": 0,
    "start": 142919384,
    "end": 143217331
  },
  {
    "kind": 1,
    "start": 144372801,
    "end": 169420554
  },
  {
    "kind": 0,
    "start": 168075782,
    "end": 168996512
  },
  {
    "kind": 1,
    "start": 170341284,
    "end": 170390188
  },
  {
    "kind": 0,
    "start": 169045370,
    "end": 204802799
  },
  {
    "kind": 1,
    "start": 206147617,
    "end": 215728716
  },
  {
    "kind": 0,
    "start": 214261778,
    "end": 214275218
  },
  {
    "kind": 1,
    "start": 215742156,
    "end": 216353067
  },
  {
    "kind": 0,
    "start": 214884204,
    "end": 219236017
  },
  {
    "kind": 1,
    "start": 220704880,
    "end": 220753938
  },
  {
    "kind": 0,
    "start": 219282348,
    "end": 220013037
  },
  {
    "kind": 1,
    "start": 221484627,
    "end": 221503234
  },
  {
    "kind": 0,
    "start": 220031644,
    "end": 220102705
  },
  {
    "kind": 1,
    "start": 221574295,
    "end": 221661054
  },
  {
    "kind": 0,
    "start": 220189465,
    "end": 226770313
  },
  {
    "kind": 1,
    "start": 228241902,
    "end": 228364264
  }
]
[2025-06-30 12:03:09.841] [info]  Full: 223,246.52 KB, To download: 143,255.38 KB (64%)
[2025-06-30 12:03:10.017] [error] Cannot download differentially, fallback to full download: Error: Content-Type "multipart/byteranges" is expected, but got "binary/octet-stream"
    at ClientRequest.<anonymous> (/tmp/.mount_anytypXbfwxF/resources/app.asar/node_modules/electron-updater/out/differentialDownloader/multipleRangeDownloader.js:80:20)
    at ClientRequest.emit (node:events:518:28)
    at SimpleURLLoaderWrapper.<anonymous> (node:electron/js2c/browser_init:2:123231)
    at SimpleURLLoaderWrapper.emit (node:events:518:28)
[2025-06-30 12:03:11.213] [info]  Download speed: 8174581 - Downloaded: 3.5758628530182532% (8174581/228604433)
[2025-06-30 12:03:12.214] [info]  Download speed: 10046219 - Downloaded: 8.793567008387804% (20102484/228604433)
[2025-06-30 12:03:13.235] [info]  Download speed: 9715463 - Downloaded: 12.843201513944393% (29360128/228604433)
[2025-06-30 12:03:14.236] [info]  Download speed: 9781259 - Downloaded: 17.213140831787808% (39350003/228604433)
[2025-06-30 12:03:15.467] [info]  Download speed: 9299416 - Downloaded: 21.372784577628902% (48859133/228604433)
[2025-06-30 12:03:16.472] [info]  Download speed: 9315030 - Downloaded: 25.503780147605447% (58302772/228604433)
[2025-06-30 12:03:17.486] [info]  Download speed: 9138041 - Downloaded: 29.07247603549315% (66460969/228604433)
[2025-06-30 12:03:18.487] [info]  Download speed: 9084812 - Downloaded: 32.88113533651379% (75167733/228604433)
[2025-06-30 12:03:19.488] [info]  Download speed: 8944577 - Downloaded: 36.290176840096535% (82960953/228604433)
[2025-06-30 12:03:20.491] [info]  Download speed: 8735609 - Downloaded: 39.27508789822986% (89784592/228604433)
[2025-06-30 12:03:21.516] [info]  Download speed: 8576525 - Downloaded: 42.405327284270115% (96940458/228604433)
[2025-06-30 12:03:22.518] [info]  Download speed: 8487520 - Downloaded: 45.6854342802705% (104438928/228604433)
[2025-06-30 12:03:23.524] [info]  Download speed: 8415637 - Downloaded: 49.00191239948527% (112020544/228604433)
[2025-06-30 12:03:24.528] [info]  Download speed: 8357553 - Downloaded: 52.33422835680531% (119638366/228604433)
[2025-06-30 12:03:25.528] [info]  Download speed: 8305510 - Downloaded: 55.64147568389455% (127198880/228604433)
[2025-06-30 12:03:26.532] [info]  Download speed: 8269263 - Downloaded: 59.026782302161216% (134937841/228604433)
[2025-06-30 12:03:27.531] [info]  Download speed: 8233362 - Downloaded: 62.372090570964566% (142585364/228604433)
[2025-06-30 12:03:28.533] [info]  Download speed: 8193948 - Downloaded: 65.66501184165575% (150113128/228604433)
[2025-06-30 12:03:29.534] [info]  Download speed: 8170485 - Downloaded: 69.05463202456795% (157861950/228604433)
[2025-06-30 12:03:30.552] [info]  Download speed: 8150173 - Downloaded: 72.51231869156273% (165766375/228604433)
[2025-06-30 12:03:31.593] [info]  Download speed: 8052804 - Downloaded: 75.31304303272194% (172168955/228604433)
[2025-06-30 12:03:32.594] [info]  Download speed: 7978502 - Downloaded: 78.11171535768075% (178566844/228604433)
[2025-06-30 12:03:33.595] [info]  Download speed: 7870642 - Downloaded: 80.50209507529541% (184031358/228604433)
[2025-06-30 12:03:34.598] [info]  Download speed: 7758243 - Downloaded: 82.75637725712869% (189184747/228604433)
[2025-06-30 12:03:35.601] [info]  Download speed: 7665553 - Downloaded: 85.1309191366381% (194613055/228604433)
[2025-06-30 12:03:36.602] [info]  Download speed: 7579993 - Downloaded: 87.49980976965568% (200028444/228604433)
[2025-06-30 12:03:37.602] [info]  Download speed: 7508734 - Downloaded: 89.96181976926056% (205656708/228604433)
[2025-06-30 12:03:38.604] [info]  Download speed: 7444854 - Downloaded: 92.45964490986051% (211366847/228604433)
[2025-06-30 12:03:39.607] [info]  Download speed: 7388303 - Downloaded: 94.99893643794738% (217171780/228604433)
[2025-06-30 12:03:40.610] [info]  Download speed: 7333443 - Downloaded: 97.51108763494538% (222914669/228604433)
[2025-06-30 12:03:41.595] [info]  Download speed: 7284572 - Downloaded: 100% (228604433/228604433)
[2025-06-30 12:03:41.728] [info]  New version 0.47.5 has been downloaded to /home/aidan/.cache/anytype-updater/pending/Anytype-0.47.5.AppImage
[2025-06-30 12:03:41.730] [info]  Update downloaded: {
   "version": "0.47.5",
   "files": [
      {
         "url": "Anytype-0.47.5.AppImage",
         "sha512": "NugfWs82W6VM5U70CdN78YLimvnL4sDCns5T/fO2ctH9GkNCfLLc12qkqaueNPmRpsqjJPFoIZqAjj4K0HPCug==",
         "size": 228604433,
         "blockMapSize": 240165
      },
      {
         "url": "anytype_0.47.5_amd64.deb",
         "sha512": "QEe0l6GQE8y4uBlpzTopek9G4cb0NZsuAWbT4B2M7jkgU9lHnJU49VqEp7gQKFVerMOgamRDE0F0mL3juLJd+w==",
         "size": 169008050
      },
      {
         "url": "anytype_0.47.5_amd64.deb",
         "sha512": "QEe0l6GQE8y4uBlpzTopek9G4cb0NZsuAWbT4B2M7jkgU9lHnJU49VqEp7gQKFVerMOgamRDE0F0mL3juLJd+w==",
         "size": 169008050
      },
      {
         "url": "anytype_0.47.5_amd64.deb",
         "sha512": "QEe0l6GQE8y4uBlpzTopek9G4cb0NZsuAWbT4B2M7jkgU9lHnJU49VqEp7gQKFVerMOgamRDE0F0mL3juLJd+w==",
         "size": 169008050
      },
      {
         "url": "anytype-0.47.5.x86_64.rpm",
         "sha512": "5WsjhGLaDk9v1HkWKwr5VLeYV77dd/VDPNI9CClaeIfPfTL6rbyRqmBM8O1rFmXenI087GeEKMS7ifFTzZtWVA==",
         "size": 170143649
      },
      {
         "url": "anytype-0.47.5.x86_64.rpm",
         "sha512": "5WsjhGLaDk9v1HkWKwr5VLeYV77dd/VDPNI9CClaeIfPfTL6rbyRqmBM8O1rFmXenI087GeEKMS7ifFTzZtWVA==",
         "size": 170143649
      },
      {
         "url": "anytype-0.47.5.x86_64.rpm",
         "sha512": "5WsjhGLaDk9v1HkWKwr5VLeYV77dd/VDPNI9CClaeIfPfTL6rbyRqmBM8O1rFmXenI087GeEKMS7ifFTzZtWVA==",
         "size": 170143649
      }
   ],
   "path": "Anytype-0.47.5.AppImage",
   "sha512": "NugfWs82W6VM5U70CdN78YLimvnL4sDCns5T/fO2ctH9GkNCfLLc12qkqaueNPmRpsqjJPFoIZqAjj4K0HPCug==",
   "releaseDate": "2025-06-30T15:45:17.277Z",
   "downloadedFile": "/home/aidan/.cache/anytype-updater/pending/Anytype-0.47.5.AppImage"
}
