ERROR 2025-06-30T16:51:08.978+00:00 [1P:foundation/op-log/src/lib.rs:670] tracing WAS NOT installed
INFO  2025-06-30T16:51:09.010+00:00 [1P:op-settings/src/store/json_store.rs:73] Settings file created @ 2025-06-30 04:31:41.246944551 UTC and last modified @ 2025-06-30 04:37:01.472796011 UTC
INFO  2025-06-30T16:51:09.021+00:00 [client:typescript] Client starting.
ERROR 2025-06-30T16:51:09.939+00:00 [1P:/builds/dev/core/core/op-b5-client/src/b5_client/features.rs:226] HttpError((/rustc/05f9846f893b09a1be1fc8560e33fc3c815cfecb/library/core/src/ops/function.rs:250, IoError(IoError(error sending request for url (<redacted URL>)))))
INFO  2025-06-30T16:51:09.942+00:00 [1P:op-crash-reporting/src/killswitch.rs:41] Crash reporting temporarily disabled by 1Password.
INFO  2025-06-30T16:51:09.957+00:00 [1P:op-localization/src/lib.rs:239] system locale detected as 'en-US'
INFO  2025-06-30T16:51:09.957+00:00 [1P:op-localization/src/lib.rs:265] selected translations for EN_US based on detected locale en-US
INFO  2025-06-30T16:51:09.957+00:00 [status:app/op-app/src/app.rs:966] App::new(1Password for Linux/81082029 (EN_US), /home/<redacted-username>/.config/1Password)
INFO  2025-06-30T16:51:09.973+00:00 [1P:data/op-db/src/common/mod.rs:148] Core DB Table Integrity Check Succeeded
INFO  2025-06-30T16:51:09.974+00:00 [1P:data/op-db/src/common/mod.rs:162] Core DB Integrity Check Succeeded
INFO  2025-06-30T16:51:09.974+00:00 [1P:data/op-db/src/core_db/db.rs:145] Starting Core DB at version: 41
INFO  2025-06-30T16:51:09.979+00:00 [1P:data/op-db/src/common/mod.rs:148] Resources DB Table Integrity Check Succeeded
INFO  2025-06-30T16:51:09.979+00:00 [1P:data/op-db/src/common/mod.rs:162] Resources DB Integrity Check Succeeded
INFO  2025-06-30T16:51:09.980+00:00 [1P:data/op-db/src/resources_db/db.rs:107] Starting Resources DB at version: 1
ERROR 2025-06-30T16:51:10.010+00:00 [1P:/builds/dev/core/core/ssh/op-ssh-config/src/lib.rs:251] Failed to start ssh config file watcher: Io(Os { code: 2, kind: NotFound, message: "No such file or directory" })
INFO  2025-06-30T16:51:10.036+00:00 [1P:native-messaging/op-nm-installer/src/nix_utils.rs:68] Created NMH manifest at /home/<redacted-username>/.config/google-chrome/NativeMessagingHosts/com.1password.1password.json
INFO  2025-06-30T16:51:10.037+00:00 [1P:native-messaging/op-nm-installer/src/nix_utils.rs:68] Created NMH manifest at /home/<redacted-username>/.config/google-chrome-beta/NativeMessagingHosts/com.1password.1password.json
INFO  2025-06-30T16:51:10.037+00:00 [1P:native-messaging/op-nm-installer/src/nix_utils.rs:68] Created NMH manifest at /home/<redacted-username>/.config/google-chrome-unstable/NativeMessagingHosts/com.1password.1password.json
INFO  2025-06-30T16:51:10.037+00:00 [1P:native-messaging/op-nm-installer/src/nix_utils.rs:68] Created NMH manifest at /home/<redacted-username>/.config/chromium/NativeMessagingHosts/com.1password.1password.json
INFO  2025-06-30T16:51:10.037+00:00 [1P:native-messaging/op-nm-installer/src/nix_utils.rs:68] Created NMH manifest at /home/<redacted-username>/.config/microsoft-edge-dev/NativeMessagingHosts/com.1password.1password.json
INFO  2025-06-30T16:51:10.037+00:00 [1P:native-messaging/op-nm-installer/src/nix_utils.rs:68] Created NMH manifest at /home/<redacted-username>/.config/BraveSoftware/Brave-Browser/NativeMessagingHosts/com.1password.1password.json
INFO  2025-06-30T16:51:10.037+00:00 [1P:native-messaging/op-nm-installer/src/nix_utils.rs:68] Created NMH manifest at /home/<redacted-username>/.config/vivaldi/NativeMessagingHosts/com.1password.1password.json
INFO  2025-06-30T16:51:10.037+00:00 [1P:native-messaging/op-nm-installer/src/nix_utils.rs:68] Created NMH manifest at /home/<redacted-username>/.config/vivaldi-snapshot/NativeMessagingHosts/com.1password.1password.json
INFO  2025-06-30T16:51:10.038+00:00 [1P:native-messaging/op-nm-installer/src/nix_utils.rs:68] Created NMH manifest at /home/<redacted-username>/.mozilla/native-messaging-hosts/com.1password.1password.json
INFO  2025-06-30T16:51:10.038+00:00 [1P:native-messaging/op-nm-installer/src/nix_utils.rs:83] Successfully installed all native messaging manifests.
INFO  2025-06-30T16:51:10.039+00:00 [1P:native-messaging/op-nm-installer/src/nix_utils.rs:68] Created NMH manifest at /home/<redacted-username>/.config/google-chrome/NativeMessagingHosts/com.1password.1password.json
INFO  2025-06-30T16:51:10.039+00:00 [1P:native-messaging/op-nm-installer/src/nix_utils.rs:68] Created NMH manifest at /home/<redacted-username>/.config/google-chrome-beta/NativeMessagingHosts/com.1password.1password.json
INFO  2025-06-30T16:51:10.040+00:00 [1P:op-global-shortcuts/src/node.rs:38] Global shortcut registration is not available on this system.
INFO  2025-06-30T16:51:10.040+00:00 [1P:op-global-shortcuts/src/node.rs:38] Global shortcut registration is not available on this system.
INFO  2025-06-30T16:51:10.040+00:00 [1P:native-messaging/op-nm-installer/src/nix_utils.rs:68] Created NMH manifest at /home/<redacted-username>/.config/google-chrome-unstable/NativeMessagingHosts/com.1password.1password.json
INFO  2025-06-30T16:51:10.040+00:00 [1P:native-messaging/op-nm-installer/src/nix_utils.rs:68] Created NMH manifest at /home/<redacted-username>/.config/chromium/NativeMessagingHosts/com.1password.1password.json
INFO  2025-06-30T16:51:10.040+00:00 [1P:native-messaging/op-nm-installer/src/nix_utils.rs:68] Created NMH manifest at /home/<redacted-username>/.config/microsoft-edge-dev/NativeMessagingHosts/com.1password.1password.json
INFO  2025-06-30T16:51:10.040+00:00 [1P:native-messaging/op-nm-installer/src/nix_utils.rs:68] Created NMH manifest at /home/<redacted-username>/.config/BraveSoftware/Brave-Browser/NativeMessagingHosts/com.1password.1password.json
INFO  2025-06-30T16:51:10.040+00:00 [1P:native-messaging/op-nm-installer/src/nix_utils.rs:68] Created NMH manifest at /home/<redacted-username>/.config/vivaldi/NativeMessagingHosts/com.1password.1password.json
INFO  2025-06-30T16:51:10.040+00:00 [1P:native-messaging/op-nm-installer/src/nix_utils.rs:68] Created NMH manifest at /home/<redacted-username>/.config/vivaldi-snapshot/NativeMessagingHosts/com.1password.1password.json
INFO  2025-06-30T16:51:10.041+00:00 [1P:native-messaging/op-nm-installer/src/nix_utils.rs:68] Created NMH manifest at /home/<redacted-username>/.mozilla/native-messaging-hosts/com.1password.1password.json
INFO  2025-06-30T16:51:10.041+00:00 [1P:native-messaging/op-nm-installer/src/nix_utils.rs:83] Successfully installed all native messaging manifests.
ERROR 2025-06-30T16:51:10.051+00:00 [1P:native-messaging/op-native-core-integration/src/lib.rs:548] Listener on SETTING_STATUS has been dropped, unable to communicate changes made to browser SLS setting
INFO  2025-06-30T16:51:10.052+00:00 [1P:native-messaging/op-native-core-integration/src/lib.rs:350] Starting IPC listener on 1Password-BrowserSupport
INFO  2025-06-30T16:51:10.052+00:00 [1P:native-messaging/op-native-core-integration/src/lib.rs:362] Active native core integration is awaiting messages
ERROR 2025-06-30T16:51:10.052+00:00 [1P:ffi/op-core-node/src/lib.rs:506] Io(Os { code: 2, kind: NotFound, message: "No such file or directory" })
INFO  2025-06-30T16:51:10.054+00:00 [1P:ssh/op-agent-controller/src/lib.rs:571] Starting filesystem watcher for SSH agent configuration directories...
ERROR 2025-06-30T16:51:10.057+00:00 [1P:/builds/dev/core/core/ssh/op-agent-controller/src/lib.rs:572] Io(Os { code: 2, kind: NotFound, message: "No such file or directory" })
INFO  2025-06-30T16:51:11.253+00:00 [1P:app/op-app/src/app/backend/lock_screen.rs:93] System unlock is enabled: true
INFO  2025-06-30T16:51:11.254+00:00 [1P:app/op-app/src/app/backend/lock_screen.rs:121] Sys auth status NotSetup
ERROR 2025-06-30T16:51:11.275+00:00 [1P:app/op-app/src/app/components/route_persister.rs:31] Could not get key from unlocked account!
INFO  2025-06-30T16:51:23.838+00:00 [1P:app/op-app/src/app/backend/lock_screen.rs:93] System unlock is enabled: true
INFO  2025-06-30T16:51:24.409+00:00 [1P:/builds/dev/core/core/data/ext/op-account-ext-settings-authentication/src/lib.rs:242] loaded settings authentication key: b195a163baeb6bf8
INFO  2025-06-30T16:51:24.417+00:00 [1P:data/ext/op-account-ext-items/src/lib.rs:270] loaded 293 items in 5 vaults for account: X5XJTEPFMNE4RBE4QML5E7VPY4
INFO  2025-06-30T16:51:24.421+00:00 [1P:op-telemetry/src/middleware/opt_state.rs:114] op-telemetry: account uuid 'X5XJTEPFMNE4RBE4QML5E7VPY4' changed telemetry state to Decided(Out)
INFO  2025-06-30T16:51:24.421+00:00 [1P:op-settings/src/store/policies.rs:112] Notifying settings changed due to b5 policies.
ERROR 2025-06-30T16:51:24.426+00:00 [1P:op-auto-lock/src/linux.rs:210] Could not connect to the X server: XcbEventError
INFO  2025-06-30T16:51:24.426+00:00 [1P:data/ext/op-account-ext-settings-authentication/src/lib.rs:323] exactly one existing key found (b195a163baeb6bf8). Applying it to any new accounts
INFO  2025-06-30T16:51:24.427+00:00 [1P:op-settings/src/store/json_store.rs:727] initializing settings authentication with key b195a163baeb6bf8
INFO  2025-06-30T16:51:24.427+00:00 [1P:app/op-app/src/app/backend/unlock.rs:178] Lock state changed: Unlocked
INFO  2025-06-30T16:51:24.427+00:00 [1P:app/op-app/src/app/backend/essential_setup.rs:135] SLS Migration Result: NotRequired
INFO  2025-06-30T16:51:25.185+00:00 [1P:app/op-app/src/app/backend/quick_access.rs:186] Getting suggestions for quick access
INFO  2025-06-30T16:51:25.227+00:00 [1P:app/op-app/src/app/backend/quick_access.rs:186] Getting suggestions for quick access
INFO  2025-06-30T16:51:25.263+00:00 [1P:data/op-account-system-unlock/src/lib.rs:806] Adding system unlock key. Verifying keysets can be decrypted.
INFO  2025-06-30T16:51:25.267+00:00 [1P:data/op-account-system-unlock/src/lib.rs:812] Adding system unlock key. Encrypting muk.
INFO  2025-06-30T16:51:25.267+00:00 [1P:data/op-account-system-unlock/src/lib.rs:818] Adding system unlock key. Updating account.
INFO  2025-06-30T16:51:25.692+00:00 [1P:app/op-app/src/app/backend/unlock.rs:207] Processing unlocked account X5XJTEPFMNE4RBE4QML5E7VPY4
INFO  2025-06-30T16:51:26.781+00:00 [1P:op-b5-client/src/internal/unauthorized_session/auth_flow.rs:1017] Skipping MFA because server did not return MFA config
INFO  2025-06-30T16:51:27.877+00:00 [1P:data/ext/op-account-ext-syncer/src/lib.rs:248] The B5 Notifier for (X5XJTEPFMNE4RBE4QML5E7VPY4) has connected, now monitoring for events.
ERROR 2025-06-30T16:51:28.229+00:00 [1P:data/op-syncer/src/system_vault.rs:37] Error creating system vault for account (X5XJTEPFMNE4RBE4QML5E7VPY4): FetchDataError(FetchError(<unknown reason>, code: HttpStatus(400), Session ID: Some(Session ID: ROPA3XSF2VET5E6DPMV6UBWNGY)))
INFO  2025-06-30T16:51:28.229+00:00 [1P:data/op-syncer/src/sync_job.rs:453] synced account X5XJTEPFMNE4RBE4QML5E7VPY4 (0.297466305s)
INFO  2025-06-30T16:51:28.230+00:00 [1P:data/op-file-transfer/src/lib.rs:661] find_and_complete_pending_uploads: 'X5XJTEPFMNE4RBE4QML5E7VPY4'
ERROR 2025-06-30T16:51:28.230+00:00 [1P:/builds/dev/core/core/data/op-file-transfer/src/legacy.rs:43] failed to read files dir: Os { code: 2, kind: NotFound, message: "No such file or directory" }
INFO  2025-06-30T16:51:28.287+00:00 [1P:app/op-app/src/app/backend/quick_access.rs:186] Getting suggestions for quick access
INFO  2025-06-30T16:58:12.346+00:00 [1P:app/op-app/src/app/backend/frontend.rs:29] Front end event: window closed
INFO  2025-06-30T17:52:58.383+00:00 [1P:op-b5-client/src/internal/unauthorized_session/auth_flow.rs:1017] Skipping MFA because server did not return MFA config
INFO  2025-06-30T17:52:58.384+00:00 [1P:op-notification-listener/src/lib.rs:344] Received an updated notifier Url, reconnecting
INFO  2025-06-30T17:52:58.384+00:00 [1P:op-notification-listener/src/lib.rs:264] Delaying notifier reconnection for 18 seconds.
WARN  2025-06-30T17:52:58.384+00:00 [1P:data/ext/op-account-ext-syncer/src/lib.rs:262] The B5 Notifier for (X5XJTEPFMNE4RBE4QML5E7VPY4) has disconnected.
ERROR 2025-06-30T17:52:59.246+00:00 [1P:data/op-syncer/src/system_vault.rs:37] Error creating system vault for account (X5XJTEPFMNE4RBE4QML5E7VPY4): FetchDataError(FetchError(<unknown reason>, code: HttpStatus(400), Session ID: Some(Session ID: YFZGBJQMWJCTRDIWE6FUEL5LOI)))
INFO  2025-06-30T17:52:59.246+00:00 [1P:data/op-syncer/src/sync_job.rs:453] synced account X5XJTEPFMNE4RBE4QML5E7VPY4 (0.569750543s)
INFO  2025-06-30T17:52:59.252+00:00 [1P:app/op-app/src/app/backend/quick_access.rs:186] Getting suggestions for quick access
INFO  2025-06-30T17:53:17.429+00:00 [1P:data/ext/op-account-ext-syncer/src/lib.rs:248] The B5 Notifier for (X5XJTEPFMNE4RBE4QML5E7VPY4) has connected, now monitoring for events.
INFO  2025-07-01T02:56:53.578+00:00 [1P:op-notification-listener/src/lib.rs:264] Delaying notifier reconnection for 8 seconds.
WARN  2025-07-01T02:56:53.578+00:00 [1P:data/ext/op-account-ext-syncer/src/lib.rs:262] The B5 Notifier for (X5XJTEPFMNE4RBE4QML5E7VPY4) has disconnected.
INFO  2025-07-01T02:57:02.738+00:00 [1P:data/ext/op-account-ext-syncer/src/lib.rs:248] The B5 Notifier for (X5XJTEPFMNE4RBE4QML5E7VPY4) has connected, now monitoring for events.
