ERROR 2025-06-30T04:30:44.142+00:00 [1P:foundation/op-log/src/lib.rs:670] tracing WAS NOT installed
ERROR 2025-06-30T04:30:44.143+00:00 [1P:op-settings/src/store/json_store.rs:80] Os { code: 2, kind: NotFound, message: "No such file or directory" }
INFO  2025-06-30T04:30:44.143+00:00 [1P:op-settings/src/store/json_store.rs:104] Settings file "/home/<redacted-username>/.config/1Password/settings/settings.json" missing, using defaults.
INFO  2025-06-30T04:30:44.143+00:00 [client:typescript] Client starting.
ERROR 2025-06-30T04:30:44.426+00:00 [1P:op-crash-reporting/src/crash_report.rs:155] Failed to load crash reports from disk: Os { code: 2, kind: NotFound, message: "No such file or directory" }
INFO  2025-06-30T04:30:44.437+00:00 [1P:op-crash-reporting/src/crash_handler.rs:276] Started crash handler thread
INFO  2025-06-30T04:30:44.438+00:00 [1P:op-localization/src/lib.rs:239] system locale detected as 'en-US'
INFO  2025-06-30T04:30:44.438+00:00 [1P:op-localization/src/lib.rs:265] selected translations for EN_US based on detected locale en-US
INFO  2025-06-30T04:30:44.438+00:00 [status:app/op-app/src/app.rs:966] App::new(1Password for Linux/81082029 (EN_US), /home/<redacted-username>/.config/1Password)
INFO  2025-06-30T04:30:44.450+00:00 [1P:data/op-db/src/common/mod.rs:148] Core DB Table Integrity Check Succeeded
INFO  2025-06-30T04:30:44.451+00:00 [1P:data/op-db/src/common/mod.rs:162] Core DB Integrity Check Succeeded
INFO  2025-06-30T04:30:44.451+00:00 [1P:data/op-db/src/core_db/db.rs:145] Starting Core DB at version: 0
INFO  2025-06-30T04:30:44.451+00:00 [1P:data/op-db/src/core_db/db.rs:163] Database is being created at '/home/<redacted-username>/.config/1Password/1password.sqlite' (sqlite: 3046000)
INFO  2025-06-30T04:30:44.455+00:00 [1P:data/op-db/src/core_db/db.rs:537] Updated DB Schema to version 001
INFO  2025-06-30T04:30:44.458+00:00 [1P:data/op-db/src/core_db/db.rs:561] Updated DB Schema to version 002
INFO  2025-06-30T04:30:44.461+00:00 [1P:data/op-db/src/core_db/db.rs:573] Updated DB Schema to version 003
INFO  2025-06-30T04:30:44.462+00:00 [1P:data/op-db/src/core_db/db.rs:589] Updated DB Schema to version 005
INFO  2025-06-30T04:30:44.463+00:00 [1P:data/op-db/src/core_db/db.rs:605] Updated DB Schema to version 006
INFO  2025-06-30T04:30:44.466+00:00 [1P:data/op-db/src/core_db/db.rs:619] Updated DB Schema to version 007
INFO  2025-06-30T04:30:44.467+00:00 [1P:data/op-db/src/core_db/db.rs:633] Updated DB Schema to version 008
INFO  2025-06-30T04:30:44.468+00:00 [1P:data/op-db/src/core_db/db.rs:647] Updated DB Schema to version 009
INFO  2025-06-30T04:30:44.469+00:00 [1P:data/op-db/src/core_db/db.rs:661] Updated DB Schema to version 011
INFO  2025-06-30T04:30:44.470+00:00 [1P:data/op-db/src/core_db/db.rs:676] Updated DB Schema to version 012
INFO  2025-06-30T04:30:44.471+00:00 [1P:data/op-db/src/core_db/db.rs:690] Updated DB Schema to version 013
INFO  2025-06-30T04:30:44.472+00:00 [1P:data/op-db/src/core_db/db.rs:704] Updated DB Schema to version 014
INFO  2025-06-30T04:30:44.474+00:00 [1P:data/op-db/src/core_db/db.rs:718] Updated DB Schema to version 015
INFO  2025-06-30T04:30:44.476+00:00 [1P:data/op-db/src/core_db/db.rs:732] Updated DB Schema to version 016
INFO  2025-06-30T04:30:44.478+00:00 [1P:data/op-db/src/core_db/db.rs:746] Updated DB Schema to version 017
INFO  2025-06-30T04:30:44.480+00:00 [1P:data/op-db/src/core_db/db.rs:760] Updated DB Schema to version 018
INFO  2025-06-30T04:30:44.481+00:00 [1P:data/op-db/src/core_db/db.rs:774] Updated DB Schema to version 019
INFO  2025-06-30T04:30:44.483+00:00 [1P:data/op-db/src/core_db/db.rs:891] Updated DB Schema to version 021
INFO  2025-06-30T04:30:44.484+00:00 [1P:data/op-db/src/core_db/db.rs:905] Updated DB Schema to version 022
INFO  2025-06-30T04:30:44.487+00:00 [1P:data/op-db/src/core_db/db.rs:919] Updated DB Schema to version 023
INFO  2025-06-30T04:30:44.488+00:00 [1P:data/op-db/src/core_db/db.rs:933] Updated DB Schema to version 024
INFO  2025-06-30T04:30:44.491+00:00 [1P:data/op-db/src/core_db/db.rs:947] Updated DB Schema to version 025
INFO  2025-06-30T04:30:44.492+00:00 [1P:data/op-db/src/core_db/db.rs:1063] Updated DB Schema to version 026
INFO  2025-06-30T04:30:44.493+00:00 [1P:data/op-db/src/core_db/db.rs:1077] Updated DB Schema to version 027
INFO  2025-06-30T04:30:44.495+00:00 [1P:data/op-db/src/core_db/db.rs:1091] Updated DB Schema to version 028
INFO  2025-06-30T04:30:44.496+00:00 [1P:data/op-db/src/core_db/db.rs:1105] Updated DB Schema to version 029
INFO  2025-06-30T04:30:44.497+00:00 [1P:data/op-db/src/core_db/db.rs:1119] Updated DB Schema to version 030
INFO  2025-06-30T04:30:44.498+00:00 [1P:data/op-db/src/core_db/db.rs:1132] Updated DB Schema to version 031
INFO  2025-06-30T04:30:44.500+00:00 [1P:data/op-db/src/core_db/db.rs:1145] Updated DB Schema to version 032
INFO  2025-06-30T04:30:44.502+00:00 [1P:data/op-db/src/core_db/db.rs:1158] Updated DB Schema to version 033
INFO  2025-06-30T04:30:44.504+00:00 [1P:data/op-db/src/core_db/db.rs:1171] Updated DB Schema to version 034
INFO  2025-06-30T04:30:44.505+00:00 [1P:data/op-db/src/core_db/db.rs:1184] Updated DB Schema to version 035
INFO  2025-06-30T04:30:44.506+00:00 [1P:data/op-db/src/core_db/db.rs:1197] Updated DB Schema to version 036
INFO  2025-06-30T04:30:44.508+00:00 [1P:data/op-db/src/core_db/db.rs:1210] Updated DB Schema to version 037
INFO  2025-06-30T04:30:44.509+00:00 [1P:data/op-db/src/core_db/db.rs:1223] Updated DB Schema to version 038
INFO  2025-06-30T04:30:44.510+00:00 [1P:data/op-db/src/core_db/db.rs:1235] Updated DB Schema to version 039
INFO  2025-06-30T04:30:44.512+00:00 [1P:data/op-db/src/core_db/db.rs:1248] Updated DB Schema to version 040
INFO  2025-06-30T04:30:44.513+00:00 [1P:data/op-db/src/core_db/db.rs:1261] Updated DB Schema to version 041
INFO  2025-06-30T04:30:44.518+00:00 [1P:data/op-db/src/common/mod.rs:148] Resources DB Table Integrity Check Succeeded
INFO  2025-06-30T04:30:44.518+00:00 [1P:data/op-db/src/common/mod.rs:162] Resources DB Integrity Check Succeeded
INFO  2025-06-30T04:30:44.518+00:00 [1P:data/op-db/src/resources_db/db.rs:107] Starting Resources DB at version: 0
INFO  2025-06-30T04:30:44.518+00:00 [1P:data/op-db/src/resources_db/db.rs:119] Resources Database is being created at '/home/<redacted-username>/.config/1Password/1password_resources.sqlite' (sqlite: 3046000)
INFO  2025-06-30T04:30:44.522+00:00 [1P:data/op-db/src/resources_db/db.rs:217] Updated DB Schema to version 001
ERROR 2025-06-30T04:30:44.524+00:00 [1P:/builds/dev/core/core/ssh/op-ssh-config/src/lib.rs:251] Failed to start ssh config file watcher: Io(Os { code: 2, kind: NotFound, message: "No such file or directory" })
INFO  2025-06-30T04:30:44.526+00:00 [1P:native-messaging/op-nm-installer/src/nix_utils.rs:48] Creating manifest directory for Chromium at /home/<redacted-username>/.config/google-chrome/NativeMessagingHosts
INFO  2025-06-30T04:30:44.526+00:00 [1P:native-messaging/op-nm-installer/src/nix_utils.rs:68] Created NMH manifest at /home/<redacted-username>/.config/google-chrome/NativeMessagingHosts/com.1password.1password.json
INFO  2025-06-30T04:30:44.526+00:00 [1P:native-messaging/op-nm-installer/src/nix_utils.rs:48] Creating manifest directory for Chromium at /home/<redacted-username>/.config/google-chrome-beta/NativeMessagingHosts
INFO  2025-06-30T04:30:44.526+00:00 [1P:native-messaging/op-nm-installer/src/nix_utils.rs:68] Created NMH manifest at /home/<redacted-username>/.config/google-chrome-beta/NativeMessagingHosts/com.1password.1password.json
INFO  2025-06-30T04:30:44.526+00:00 [1P:native-messaging/op-nm-installer/src/nix_utils.rs:48] Creating manifest directory for Chromium at /home/<redacted-username>/.config/google-chrome-unstable/NativeMessagingHosts
INFO  2025-06-30T04:30:44.526+00:00 [1P:native-messaging/op-nm-installer/src/nix_utils.rs:68] Created NMH manifest at /home/<redacted-username>/.config/google-chrome-unstable/NativeMessagingHosts/com.1password.1password.json
INFO  2025-06-30T04:30:44.526+00:00 [1P:native-messaging/op-nm-installer/src/nix_utils.rs:48] Creating manifest directory for Chromium at /home/<redacted-username>/.config/chromium/NativeMessagingHosts
INFO  2025-06-30T04:30:44.526+00:00 [1P:native-messaging/op-nm-installer/src/nix_utils.rs:68] Created NMH manifest at /home/<redacted-username>/.config/chromium/NativeMessagingHosts/com.1password.1password.json
INFO  2025-06-30T04:30:44.527+00:00 [1P:native-messaging/op-nm-installer/src/nix_utils.rs:48] Creating manifest directory for Chromium at /home/<redacted-username>/.config/microsoft-edge-dev/NativeMessagingHosts
INFO  2025-06-30T04:30:44.527+00:00 [1P:native-messaging/op-nm-installer/src/nix_utils.rs:68] Created NMH manifest at /home/<redacted-username>/.config/microsoft-edge-dev/NativeMessagingHosts/com.1password.1password.json
INFO  2025-06-30T04:30:44.527+00:00 [1P:native-messaging/op-nm-installer/src/nix_utils.rs:48] Creating manifest directory for Chromium at /home/<redacted-username>/.config/BraveSoftware/Brave-Browser/NativeMessagingHosts
INFO  2025-06-30T04:30:44.527+00:00 [1P:native-messaging/op-nm-installer/src/nix_utils.rs:68] Created NMH manifest at /home/<redacted-username>/.config/BraveSoftware/Brave-Browser/NativeMessagingHosts/com.1password.1password.json
INFO  2025-06-30T04:30:44.527+00:00 [1P:native-messaging/op-nm-installer/src/nix_utils.rs:48] Creating manifest directory for Chromium at /home/<redacted-username>/.config/vivaldi/NativeMessagingHosts
INFO  2025-06-30T04:30:44.527+00:00 [1P:native-messaging/op-nm-installer/src/nix_utils.rs:68] Created NMH manifest at /home/<redacted-username>/.config/vivaldi/NativeMessagingHosts/com.1password.1password.json
INFO  2025-06-30T04:30:44.527+00:00 [1P:native-messaging/op-nm-installer/src/nix_utils.rs:48] Creating manifest directory for Chromium at /home/<redacted-username>/.config/vivaldi-snapshot/NativeMessagingHosts
INFO  2025-06-30T04:30:44.527+00:00 [1P:native-messaging/op-nm-installer/src/nix_utils.rs:68] Created NMH manifest at /home/<redacted-username>/.config/vivaldi-snapshot/NativeMessagingHosts/com.1password.1password.json
INFO  2025-06-30T04:30:44.527+00:00 [1P:native-messaging/op-nm-installer/src/nix_utils.rs:48] Creating manifest directory for Firefox at /home/<redacted-username>/.mozilla/native-messaging-hosts
INFO  2025-06-30T04:30:44.527+00:00 [1P:native-messaging/op-nm-installer/src/nix_utils.rs:68] Created NMH manifest at /home/<redacted-username>/.mozilla/native-messaging-hosts/com.1password.1password.json
INFO  2025-06-30T04:30:44.527+00:00 [1P:native-messaging/op-nm-installer/src/nix_utils.rs:83] Successfully installed all native messaging manifests.
INFO  2025-06-30T04:30:44.528+00:00 [1P:op-global-shortcuts/src/node.rs:38] Global shortcut registration is not available on this system.
INFO  2025-06-30T04:30:44.528+00:00 [1P:op-global-shortcuts/src/node.rs:38] Global shortcut registration is not available on this system.
ERROR 2025-06-30T04:30:44.528+00:00 [1P:ffi/op-core-node/src/lib.rs:506] Io(Os { code: 2, kind: NotFound, message: "No such file or directory" })
ERROR 2025-06-30T04:30:44.528+00:00 [1P:native-messaging/op-native-core-integration/src/lib.rs:548] Listener on SETTING_STATUS has been dropped, unable to communicate changes made to browser SLS setting
INFO  2025-06-30T04:30:44.528+00:00 [1P:native-messaging/op-native-core-integration/src/lib.rs:350] Starting IPC listener on 1Password-BrowserSupport
INFO  2025-06-30T04:30:44.528+00:00 [1P:native-messaging/op-nm-installer/src/nix_utils.rs:68] Created NMH manifest at /home/<redacted-username>/.config/google-chrome/NativeMessagingHosts/com.1password.1password.json
INFO  2025-06-30T04:30:44.528+00:00 [1P:native-messaging/op-nm-installer/src/nix_utils.rs:68] Created NMH manifest at /home/<redacted-username>/.config/google-chrome-beta/NativeMessagingHosts/com.1password.1password.json
INFO  2025-06-30T04:30:44.528+00:00 [1P:native-messaging/op-nm-installer/src/nix_utils.rs:68] Created NMH manifest at /home/<redacted-username>/.config/google-chrome-unstable/NativeMessagingHosts/com.1password.1password.json
INFO  2025-06-30T04:30:44.528+00:00 [1P:native-messaging/op-nm-installer/src/nix_utils.rs:68] Created NMH manifest at /home/<redacted-username>/.config/chromium/NativeMessagingHosts/com.1password.1password.json
INFO  2025-06-30T04:30:44.528+00:00 [1P:native-messaging/op-nm-installer/src/nix_utils.rs:68] Created NMH manifest at /home/<redacted-username>/.config/microsoft-edge-dev/NativeMessagingHosts/com.1password.1password.json
INFO  2025-06-30T04:30:44.528+00:00 [1P:native-messaging/op-nm-installer/src/nix_utils.rs:68] Created NMH manifest at /home/<redacted-username>/.config/BraveSoftware/Brave-Browser/NativeMessagingHosts/com.1password.1password.json
INFO  2025-06-30T04:30:44.528+00:00 [1P:native-messaging/op-nm-installer/src/nix_utils.rs:68] Created NMH manifest at /home/<redacted-username>/.config/vivaldi/NativeMessagingHosts/com.1password.1password.json
INFO  2025-06-30T04:30:44.528+00:00 [1P:native-messaging/op-nm-installer/src/nix_utils.rs:68] Created NMH manifest at /home/<redacted-username>/.config/vivaldi-snapshot/NativeMessagingHosts/com.1password.1password.json
INFO  2025-06-30T04:30:44.528+00:00 [1P:native-messaging/op-native-core-integration/src/lib.rs:362] Active native core integration is awaiting messages
INFO  2025-06-30T04:30:44.529+00:00 [1P:native-messaging/op-nm-installer/src/nix_utils.rs:68] Created NMH manifest at /home/<redacted-username>/.mozilla/native-messaging-hosts/com.1password.1password.json
INFO  2025-06-30T04:30:44.529+00:00 [1P:native-messaging/op-nm-installer/src/nix_utils.rs:83] Successfully installed all native messaging manifests.
INFO  2025-06-30T04:30:44.529+00:00 [1P:ssh/op-agent-controller/src/lib.rs:571] Starting filesystem watcher for SSH agent configuration directories...
ERROR 2025-06-30T04:30:44.529+00:00 [1P:/builds/dev/core/core/ssh/op-agent-controller/src/lib.rs:572] Io(Os { code: 2, kind: NotFound, message: "No such file or directory" })
ERROR 2025-06-30T04:30:44.593+00:00 [client:typescript] Could not load window state.
ERROR 2025-06-30T04:30:45.298+00:00 [1P:app/op-app/src/app/components/route_persister.rs:31] Could not get key from unlocked account!
INFO  2025-06-30T04:30:46.429+00:00 [1P:app/op-app/src/app/backend/mycelium/unauthorized_device_start.rs:93] MYCELIUM UNAUTHORIZED DEVICE FORWARD FLOW SIGN-IN -- starting new sign-in session
INFO  2025-06-30T04:30:46.429+00:00 [1P:foundation/op-feature-gate/src/feature_store.rs:916] MYCELIUM PRE-REGISTRATION FLAGS: Reading forward flag value as true
INFO  2025-06-30T04:30:46.429+00:00 [1P:app/op-app/src/app/backend/task_handle.rs:48] Starting mycelium-active-sign-in task
INFO  2025-06-30T04:30:46.429+00:00 [1P:app/op-app/src/app/backend/mycelium/unauthorized_device_start.rs:275] MYCELIUM UNAUTHORIZED DEVICE FORWARD FLOW SIGN-IN -- starting channel create loop
INFO  2025-06-30T04:30:46.633+00:00 [1P:app/op-app/src/app/backend/mycelium/unauthorized_device_start.rs:292] MYCELIUM UNAUTHORIZED DEVICE FORWARD FLOW SIGN-IN -- created Mycelium channel on region code Com
INFO  2025-06-30T04:31:32.832+00:00 [1P:app/op-app/src/app/backend/mycelium/unauthorized_device_start.rs:337] MYCELIUM UNAUTHORIZED DEVICE FORWARD FLOW SIGN-IN -- BBUEAWA4TVC62BARYXDHQCZAKE channel connected
INFO  2025-06-30T04:31:40.017+00:00 [1P:app/op-app/src/app/backend/mycelium/unauthorized_device_start.rs:232] MYCELIUM UNAUTHORIZED DEVICE FORWARD FLOW SIGN-IN -- allow device prompt accepted and credentials successfully received
INFO  2025-06-30T04:31:40.018+00:00 [1P:native-messaging/op-nm-settings/src/lib.rs:190] Account len modified 0 vs 1
INFO  2025-06-30T04:31:40.018+00:00 [1P:native-messaging/op-nm-settings/src/lib.rs:147] Initial account added, defining default SLS state
INFO  2025-06-30T04:31:40.018+00:00 [1P:native-messaging/op-native-core-integration/src/lib.rs:376] Setting has been toggled on/off, restarting native core integration
INFO  2025-06-30T04:31:40.018+00:00 [1P:native-messaging/op-nm-installer/src/nix_utils.rs:100] Removed NMH manifest at /home/<redacted-username>/.config/google-chrome/NativeMessagingHosts/com.1password.1password.json
INFO  2025-06-30T04:31:40.018+00:00 [1P:native-messaging/op-nm-installer/src/nix_utils.rs:100] Removed NMH manifest at /home/<redacted-username>/.config/google-chrome-beta/NativeMessagingHosts/com.1password.1password.json
INFO  2025-06-30T04:31:40.018+00:00 [1P:native-messaging/op-native-core-integration/src/lib.rs:307] Mute native core integration is waiting for Shared Lock State to be enabled
INFO  2025-06-30T04:31:40.018+00:00 [1P:native-messaging/op-nm-installer/src/nix_utils.rs:100] Removed NMH manifest at /home/<redacted-username>/.config/google-chrome-unstable/NativeMessagingHosts/com.1password.1password.json
INFO  2025-06-30T04:31:40.018+00:00 [1P:native-messaging/op-nm-installer/src/nix_utils.rs:100] Removed NMH manifest at /home/<redacted-username>/.config/chromium/NativeMessagingHosts/com.1password.1password.json
INFO  2025-06-30T04:31:40.018+00:00 [1P:native-messaging/op-nm-installer/src/nix_utils.rs:100] Removed NMH manifest at /home/<redacted-username>/.config/microsoft-edge-dev/NativeMessagingHosts/com.1password.1password.json
INFO  2025-06-30T04:31:40.018+00:00 [1P:native-messaging/op-nm-installer/src/nix_utils.rs:100] Removed NMH manifest at /home/<redacted-username>/.config/BraveSoftware/Brave-Browser/NativeMessagingHosts/com.1password.1password.json
INFO  2025-06-30T04:31:40.018+00:00 [1P:native-messaging/op-nm-installer/src/nix_utils.rs:100] Removed NMH manifest at /home/<redacted-username>/.config/vivaldi/NativeMessagingHosts/com.1password.1password.json
INFO  2025-06-30T04:31:40.018+00:00 [1P:native-messaging/op-nm-installer/src/nix_utils.rs:100] Removed NMH manifest at /home/<redacted-username>/.config/vivaldi-snapshot/NativeMessagingHosts/com.1password.1password.json
INFO  2025-06-30T04:31:40.018+00:00 [1P:native-messaging/op-nm-installer/src/nix_utils.rs:100] Removed NMH manifest at /home/<redacted-username>/.mozilla/native-messaging-hosts/com.1password.1password.json
INFO  2025-06-30T04:31:40.018+00:00 [1P:native-messaging/op-nm-installer/src/nix_utils.rs:120] Removed 9 Native Messaging Host manifests
INFO  2025-06-30T04:31:40.378+00:00 [1P:data/op-add-account/src/first_sync.rs:551] starting initial account sync
INFO  2025-06-30T04:31:41.227+00:00 [1P:data/op-syncer/src/sync_job.rs:453] synced account X5XJTEPFMNE4RBE4QML5E7VPY4 (0.748655979s)
INFO  2025-06-30T04:31:41.243+00:00 [1P:/builds/dev/core/core/data/ext/op-account-ext-settings-authentication/src/lib.rs:242] loaded settings authentication key: none
INFO  2025-06-30T04:31:41.244+00:00 [1P:data/ext/op-account-ext-items/src/lib.rs:270] loaded 0 items in 5 vaults for account: X5XJTEPFMNE4RBE4QML5E7VPY4
INFO  2025-06-30T04:31:41.244+00:00 [1P:service/op-service-sync/src/lib.rs:159] starting refresher task during initial account sign-in
INFO  2025-06-30T04:31:41.244+00:00 [1P:app/op-app/src/app/backend/mycelium/shared.rs:533] Mycelium Sign-in succeeded
INFO  2025-06-30T04:31:41.244+00:00 [1P:op-telemetry/src/middleware/opt_state.rs:114] op-telemetry: account uuid 'X5XJTEPFMNE4RBE4QML5E7VPY4' changed telemetry state to Decided(Out)
ERROR 2025-06-30T04:31:41.244+00:00 [1P:/builds/dev/core/core/app/op-app/src/app/components/policies.rs:53] Failed to get PolicyAuthenticationKey from any account
INFO  2025-06-30T04:31:41.244+00:00 [1P:app/op-app/src/app/backend/task_handle.rs:39] Finished mycelium-active-sign-in task
ERROR 2025-06-30T04:31:41.245+00:00 [1P:op-auto-lock/src/linux.rs:210] Could not connect to the X server: XcbEventError
INFO  2025-06-30T04:31:41.246+00:00 [1P:data/ext/op-account-ext-settings-authentication/src/lib.rs:364] No and/or corrupt account setting authentication key, generating a new one.
INFO  2025-06-30T04:31:41.246+00:00 [1P:data/ext/op-account-ext-settings-authentication/src/lib.rs:388] applying setting authentication key (b195a163baeb6bf8) to account (X5XJTEPFMNE4RBE4QML5E7VPY4).
INFO  2025-06-30T04:31:41.246+00:00 [1P:op-settings/src/store/json_store.rs:727] initializing settings authentication with key b195a163baeb6bf8
INFO  2025-06-30T04:31:41.246+00:00 [1P:app/op-app/src/app/backend/unlock.rs:178] Lock state changed: Unlocked
INFO  2025-06-30T04:31:41.246+00:00 [1P:app/op-app/src/app/backend/essential_setup.rs:135] SLS Migration Result: Performed
ERROR 2025-06-30T04:31:41.246+00:00 [1P:op-settings/src/store/json_store.rs:80] Os { code: 2, kind: NotFound, message: "No such file or directory" }
INFO  2025-06-30T04:31:41.247+00:00 [1P:op-settings/src/store/json_store.rs:104] Settings file "/home/<redacted-username>/.config/1Password/settings/settings.json" missing, using defaults.
INFO  2025-06-30T04:31:41.247+00:00 [1P:op-settings/src/store/json_store.rs:73] Settings file created @ 2025-06-30 04:31:41.246944551 UTC and last modified @ 2025-06-30 04:31:41.246944551 UTC
INFO  2025-06-30T04:31:41.248+00:00 [1P:native-messaging/op-native-core-integration/src/lib.rs:313] Setting has been toggled on/off, restarting native core integration
INFO  2025-06-30T04:31:41.248+00:00 [1P:native-messaging/op-native-core-integration/src/lib.rs:350] Starting IPC listener on 1Password-BrowserSupport
INFO  2025-06-30T04:31:41.248+00:00 [1P:op-settings/src/store/json_store.rs:73] Settings file created @ 2025-06-30 04:31:41.246944551 UTC and last modified @ 2025-06-30 04:31:41.248312191 UTC
INFO  2025-06-30T04:31:41.249+00:00 [1P:op-settings/src/store/json_store.rs:73] Settings file created @ 2025-06-30 04:31:41.246944551 UTC and last modified @ 2025-06-30 04:31:41.248312191 UTC
INFO  2025-06-30T04:31:41.249+00:00 [1P:native-messaging/op-native-core-integration/src/lib.rs:362] Active native core integration is awaiting messages
INFO  2025-06-30T04:31:41.249+00:00 [1P:native-messaging/op-native-core-integration/src/lib.rs:376] Setting has been toggled on/off, restarting native core integration
INFO  2025-06-30T04:31:41.249+00:00 [1P:native-messaging/op-native-core-integration/src/lib.rs:350] Starting IPC listener on 1Password-BrowserSupport
INFO  2025-06-30T04:31:41.250+00:00 [1P:native-messaging/op-native-core-integration/src/lib.rs:362] Active native core integration is awaiting messages
INFO  2025-06-30T04:31:41.248+00:00 [1P:native-messaging/op-nm-installer/src/nix_utils.rs:68] Created NMH manifest at /home/<redacted-username>/.config/google-chrome/NativeMessagingHosts/com.1password.1password.json
INFO  2025-06-30T04:31:41.251+00:00 [1P:native-messaging/op-nm-installer/src/nix_utils.rs:68] Created NMH manifest at /home/<redacted-username>/.config/google-chrome-beta/NativeMessagingHosts/com.1password.1password.json
INFO  2025-06-30T04:31:41.251+00:00 [1P:native-messaging/op-nm-installer/src/nix_utils.rs:68] Created NMH manifest at /home/<redacted-username>/.config/google-chrome-unstable/NativeMessagingHosts/com.1password.1password.json
INFO  2025-06-30T04:31:41.251+00:00 [1P:native-messaging/op-nm-installer/src/nix_utils.rs:68] Created NMH manifest at /home/<redacted-username>/.config/chromium/NativeMessagingHosts/com.1password.1password.json
INFO  2025-06-30T04:31:41.251+00:00 [1P:native-messaging/op-nm-installer/src/nix_utils.rs:68] Created NMH manifest at /home/<redacted-username>/.config/microsoft-edge-dev/NativeMessagingHosts/com.1password.1password.json
INFO  2025-06-30T04:31:41.251+00:00 [1P:native-messaging/op-nm-installer/src/nix_utils.rs:68] Created NMH manifest at /home/<redacted-username>/.config/BraveSoftware/Brave-Browser/NativeMessagingHosts/com.1password.1password.json
INFO  2025-06-30T04:31:41.251+00:00 [1P:native-messaging/op-nm-installer/src/nix_utils.rs:68] Created NMH manifest at /home/<redacted-username>/.config/vivaldi/NativeMessagingHosts/com.1password.1password.json
INFO  2025-06-30T04:31:41.251+00:00 [1P:native-messaging/op-nm-installer/src/nix_utils.rs:68] Created NMH manifest at /home/<redacted-username>/.config/vivaldi-snapshot/NativeMessagingHosts/com.1password.1password.json
INFO  2025-06-30T04:31:41.252+00:00 [1P:native-messaging/op-nm-installer/src/nix_utils.rs:68] Created NMH manifest at /home/<redacted-username>/.mozilla/native-messaging-hosts/com.1password.1password.json
INFO  2025-06-30T04:31:41.252+00:00 [1P:native-messaging/op-nm-installer/src/nix_utils.rs:83] Successfully installed all native messaging manifests.
INFO  2025-06-30T04:31:41.253+00:00 [1P:native-messaging/op-nm-installer/src/nix_utils.rs:68] Created NMH manifest at /home/<redacted-username>/.config/google-chrome/NativeMessagingHosts/com.1password.1password.json
INFO  2025-06-30T04:31:41.253+00:00 [1P:native-messaging/op-nm-installer/src/nix_utils.rs:68] Created NMH manifest at /home/<redacted-username>/.config/google-chrome-beta/NativeMessagingHosts/com.1password.1password.json
INFO  2025-06-30T04:31:41.253+00:00 [1P:native-messaging/op-nm-installer/src/nix_utils.rs:68] Created NMH manifest at /home/<redacted-username>/.config/google-chrome-unstable/NativeMessagingHosts/com.1password.1password.json
INFO  2025-06-30T04:31:41.253+00:00 [1P:native-messaging/op-nm-installer/src/nix_utils.rs:68] Created NMH manifest at /home/<redacted-username>/.config/chromium/NativeMessagingHosts/com.1password.1password.json
INFO  2025-06-30T04:31:41.253+00:00 [1P:native-messaging/op-nm-installer/src/nix_utils.rs:68] Created NMH manifest at /home/<redacted-username>/.config/microsoft-edge-dev/NativeMessagingHosts/com.1password.1password.json
INFO  2025-06-30T04:31:41.253+00:00 [1P:native-messaging/op-nm-installer/src/nix_utils.rs:68] Created NMH manifest at /home/<redacted-username>/.config/BraveSoftware/Brave-Browser/NativeMessagingHosts/com.1password.1password.json
INFO  2025-06-30T04:31:41.253+00:00 [1P:native-messaging/op-nm-installer/src/nix_utils.rs:68] Created NMH manifest at /home/<redacted-username>/.config/vivaldi/NativeMessagingHosts/com.1password.1password.json
INFO  2025-06-30T04:31:41.253+00:00 [1P:native-messaging/op-nm-installer/src/nix_utils.rs:68] Created NMH manifest at /home/<redacted-username>/.config/vivaldi-snapshot/NativeMessagingHosts/com.1password.1password.json
INFO  2025-06-30T04:31:41.254+00:00 [1P:native-messaging/op-nm-installer/src/nix_utils.rs:68] Created NMH manifest at /home/<redacted-username>/.mozilla/native-messaging-hosts/com.1password.1password.json
INFO  2025-06-30T04:31:41.254+00:00 [1P:native-messaging/op-nm-installer/src/nix_utils.rs:83] Successfully installed all native messaging manifests.
INFO  2025-06-30T04:31:41.254+00:00 [1P:native-messaging/op-nm-installer/src/nix_utils.rs:68] Created NMH manifest at /home/<redacted-username>/.config/google-chrome/NativeMessagingHosts/com.1password.1password.json
INFO  2025-06-30T04:31:41.254+00:00 [1P:native-messaging/op-nm-installer/src/nix_utils.rs:68] Created NMH manifest at /home/<redacted-username>/.config/google-chrome-beta/NativeMessagingHosts/com.1password.1password.json
INFO  2025-06-30T04:31:41.254+00:00 [1P:native-messaging/op-nm-installer/src/nix_utils.rs:68] Created NMH manifest at /home/<redacted-username>/.config/google-chrome-unstable/NativeMessagingHosts/com.1password.1password.json
INFO  2025-06-30T04:31:41.254+00:00 [1P:native-messaging/op-nm-installer/src/nix_utils.rs:68] Created NMH manifest at /home/<redacted-username>/.config/chromium/NativeMessagingHosts/com.1password.1password.json
INFO  2025-06-30T04:31:41.254+00:00 [1P:native-messaging/op-nm-installer/src/nix_utils.rs:68] Created NMH manifest at /home/<redacted-username>/.config/microsoft-edge-dev/NativeMessagingHosts/com.1password.1password.json
INFO  2025-06-30T04:31:41.255+00:00 [1P:native-messaging/op-nm-installer/src/nix_utils.rs:68] Created NMH manifest at /home/<redacted-username>/.config/BraveSoftware/Brave-Browser/NativeMessagingHosts/com.1password.1password.json
INFO  2025-06-30T04:31:41.255+00:00 [1P:native-messaging/op-nm-installer/src/nix_utils.rs:68] Created NMH manifest at /home/<redacted-username>/.config/vivaldi/NativeMessagingHosts/com.1password.1password.json
INFO  2025-06-30T04:31:41.255+00:00 [1P:native-messaging/op-nm-installer/src/nix_utils.rs:68] Created NMH manifest at /home/<redacted-username>/.config/vivaldi-snapshot/NativeMessagingHosts/com.1password.1password.json
INFO  2025-06-30T04:31:41.255+00:00 [1P:native-messaging/op-nm-installer/src/nix_utils.rs:68] Created NMH manifest at /home/<redacted-username>/.mozilla/native-messaging-hosts/com.1password.1password.json
INFO  2025-06-30T04:31:41.255+00:00 [1P:native-messaging/op-nm-installer/src/nix_utils.rs:83] Successfully installed all native messaging manifests.
INFO  2025-06-30T04:31:41.256+00:00 [1P:native-messaging/op-nm-installer/src/nix_utils.rs:68] Created NMH manifest at /home/<redacted-username>/.config/google-chrome/NativeMessagingHosts/com.1password.1password.json
INFO  2025-06-30T04:31:41.256+00:00 [1P:native-messaging/op-nm-installer/src/nix_utils.rs:68] Created NMH manifest at /home/<redacted-username>/.config/google-chrome-beta/NativeMessagingHosts/com.1password.1password.json
INFO  2025-06-30T04:31:41.256+00:00 [1P:native-messaging/op-nm-installer/src/nix_utils.rs:68] Created NMH manifest at /home/<redacted-username>/.config/google-chrome-unstable/NativeMessagingHosts/com.1password.1password.json
INFO  2025-06-30T04:31:41.256+00:00 [1P:native-messaging/op-nm-installer/src/nix_utils.rs:68] Created NMH manifest at /home/<redacted-username>/.config/chromium/NativeMessagingHosts/com.1password.1password.json
INFO  2025-06-30T04:31:41.256+00:00 [1P:native-messaging/op-nm-installer/src/nix_utils.rs:68] Created NMH manifest at /home/<redacted-username>/.config/microsoft-edge-dev/NativeMessagingHosts/com.1password.1password.json
INFO  2025-06-30T04:31:41.256+00:00 [1P:native-messaging/op-nm-installer/src/nix_utils.rs:68] Created NMH manifest at /home/<redacted-username>/.config/BraveSoftware/Brave-Browser/NativeMessagingHosts/com.1password.1password.json
INFO  2025-06-30T04:31:41.256+00:00 [1P:native-messaging/op-nm-installer/src/nix_utils.rs:68] Created NMH manifest at /home/<redacted-username>/.config/vivaldi/NativeMessagingHosts/com.1password.1password.json
INFO  2025-06-30T04:31:41.256+00:00 [1P:native-messaging/op-nm-installer/src/nix_utils.rs:68] Created NMH manifest at /home/<redacted-username>/.config/vivaldi-snapshot/NativeMessagingHosts/com.1password.1password.json
INFO  2025-06-30T04:31:41.256+00:00 [1P:native-messaging/op-nm-installer/src/nix_utils.rs:68] Created NMH manifest at /home/<redacted-username>/.mozilla/native-messaging-hosts/com.1password.1password.json
INFO  2025-06-30T04:31:41.257+00:00 [1P:native-messaging/op-nm-installer/src/nix_utils.rs:83] Successfully installed all native messaging manifests.
INFO  2025-06-30T04:31:41.270+00:00 [client:typescript] Settings file changed.
INFO  2025-06-30T04:31:41.273+00:00 [client:typescript] Settings file changed.
INFO  2025-06-30T04:31:41.388+00:00 [1P:data/ext/op-account-ext-syncer/src/lib.rs:248] The B5 Notifier for (X5XJTEPFMNE4RBE4QML5E7VPY4) has connected, now monitoring for events.
INFO  2025-06-30T04:31:41.524+00:00 [1P:app/op-app/src/app/backend/quick_access.rs:186] Getting suggestions for quick access
INFO  2025-06-30T04:31:41.543+00:00 [1P:app/op-app/src/app/backend/quick_access.rs:186] Getting suggestions for quick access
INFO  2025-06-30T04:31:41.703+00:00 [1P:app/op-app/src/app/backend/unlock.rs:207] Processing unlocked account X5XJTEPFMNE4RBE4QML5E7VPY4
INFO  2025-06-30T04:31:42.036+00:00 [1P:app/op-app/src/app/backend/unlock.rs:322] Auto-lock duration recieved one-time update
INFO  2025-06-30T04:31:42.037+00:00 [1P:op-settings/src/store/json_store.rs:73] Settings file created @ 2025-06-30 04:31:41.246944551 UTC and last modified @ 2025-06-30 04:31:41.248312191 UTC
INFO  2025-06-30T04:31:42.037+00:00 [1P:op-settings/src/store/json_store.rs:73] Settings file created @ 2025-06-30 04:31:41.246944551 UTC and last modified @ 2025-06-30 04:31:42.036944207 UTC
ERROR 2025-06-30T04:31:42.051+00:00 [1P:ffi/op-core-node/src/lib.rs:623] Item list call aborted by a new call
INFO  2025-06-30T04:31:42.098+00:00 [1P:app/op-app/src/app/backend/quick_access.rs:186] Getting suggestions for quick access
ERROR 2025-06-30T04:31:42.400+00:00 [1P:data/op-syncer/src/system_vault.rs:37] Error creating system vault for account (X5XJTEPFMNE4RBE4QML5E7VPY4): FetchDataError(FetchError(<unknown reason>, code: HttpStatus(400), Session ID: Some(Session ID: ELOL3U63J5BRBAWSYXPBQ4QTGA)))
INFO  2025-06-30T04:31:42.400+00:00 [1P:data/op-syncer/src/sync_job.rs:453] synced account X5XJTEPFMNE4RBE4QML5E7VPY4 (1.01224585s)
INFO  2025-06-30T04:31:42.401+00:00 [1P:service/op-service-sync/src/lib.rs:169] shutting down refresher task
INFO  2025-06-30T04:31:42.401+00:00 [1P:data/op-file-transfer/src/lib.rs:661] find_and_complete_pending_uploads: 'X5XJTEPFMNE4RBE4QML5E7VPY4'
ERROR 2025-06-30T04:31:42.401+00:00 [1P:/builds/dev/core/core/data/op-file-transfer/src/legacy.rs:43] failed to read files dir: Os { code: 2, kind: NotFound, message: "No such file or directory" }
INFO  2025-06-30T04:31:42.430+00:00 [1P:app/op-app/src/app/backend/quick_access.rs:186] Getting suggestions for quick access
ERROR 2025-06-30T04:31:42.628+00:00 [1P:data/op-syncer/src/system_vault.rs:37] Error creating system vault for account (X5XJTEPFMNE4RBE4QML5E7VPY4): FetchDataError(FetchError(<unknown reason>, code: HttpStatus(400), Session ID: Some(Session ID: ELOL3U63J5BRBAWSYXPBQ4QTGA)))
INFO  2025-06-30T04:31:42.629+00:00 [1P:data/op-syncer/src/sync_job.rs:453] synced account X5XJTEPFMNE4RBE4QML5E7VPY4 (0.076167061s)
INFO  2025-06-30T04:31:42.649+00:00 [1P:app/op-app/src/app/backend/quick_access.rs:186] Getting suggestions for quick access
INFO  2025-06-30T04:31:47.684+00:00 [1P:op-settings/src/store/json_store.rs:73] Settings file created @ 2025-06-30 04:31:41.246944551 UTC and last modified @ 2025-06-30 04:31:42.036944207 UTC
INFO  2025-06-30T04:31:47.685+00:00 [1P:op-settings/src/store/json_store.rs:73] Settings file created @ 2025-06-30 04:31:41.246944551 UTC and last modified @ 2025-06-30 04:31:47.683941747 UTC
INFO  2025-06-30T04:31:47.686+00:00 [client:typescript] Settings file changed.
INFO  2025-06-30T04:31:48.439+00:00 [1P:data/op-account-system-unlock/src/lib.rs:806] Adding system unlock key. Verifying keysets can be decrypted.
INFO  2025-06-30T04:31:48.442+00:00 [1P:data/op-account-system-unlock/src/lib.rs:812] Adding system unlock key. Encrypting muk.
INFO  2025-06-30T04:31:48.442+00:00 [1P:data/op-account-system-unlock/src/lib.rs:818] Adding system unlock key. Updating account.
ERROR 2025-06-30T04:31:56.386+00:00 [client:typescript] Could not load window state.
INFO  2025-06-30T04:32:01.352+00:00 [1P:op-settings/src/store/json_store.rs:73] Settings file created @ 2025-06-30 04:31:41.246944551 UTC and last modified @ 2025-06-30 04:31:47.683941747 UTC
INFO  2025-06-30T04:32:01.353+00:00 [1P:op-settings/src/store/json_store.rs:73] Settings file created @ 2025-06-30 04:31:41.246944551 UTC and last modified @ 2025-06-30 04:32:01.351935764 UTC
INFO  2025-06-30T04:32:01.354+00:00 [client:typescript] Settings file changed.
INFO  2025-06-30T04:32:03.604+00:00 [1P:op-settings/src/store/json_store.rs:73] Settings file created @ 2025-06-30 04:31:41.246944551 UTC and last modified @ 2025-06-30 04:32:01.351935764 UTC
INFO  2025-06-30T04:32:03.604+00:00 [1P:op-settings/src/store/json_store.rs:73] Settings file created @ 2025-06-30 04:31:41.246944551 UTC and last modified @ 2025-06-30 04:32:03.602934775 UTC
INFO  2025-06-30T04:32:51.391+00:00 [1P:op-notification-listener/src/lib.rs:264] Delaying notifier reconnection for 19 seconds.
WARN  2025-06-30T04:32:51.391+00:00 [1P:data/ext/op-account-ext-syncer/src/lib.rs:262] The B5 Notifier for (X5XJTEPFMNE4RBE4QML5E7VPY4) has disconnected.
INFO  2025-06-30T04:33:11.674+00:00 [1P:data/ext/op-account-ext-syncer/src/lib.rs:248] The B5 Notifier for (X5XJTEPFMNE4RBE4QML5E7VPY4) has connected, now monitoring for events.
INFO  2025-06-30T04:33:14.263+00:00 [1P:app/op-app/src/app/backend/frontend.rs:29] Front end event: window closed
INFO  2025-06-30T04:35:15.683+00:00 [1P:op-notification-listener/src/lib.rs:264] Delaying notifier reconnection for 28 seconds.
WARN  2025-06-30T04:35:15.683+00:00 [1P:data/ext/op-account-ext-syncer/src/lib.rs:262] The B5 Notifier for (X5XJTEPFMNE4RBE4QML5E7VPY4) has disconnected.
INFO  2025-06-30T04:35:45.203+00:00 [1P:data/ext/op-account-ext-syncer/src/lib.rs:248] The B5 Notifier for (X5XJTEPFMNE4RBE4QML5E7VPY4) has connected, now monitoring for events.
INFO  2025-06-30T04:37:01.473+00:00 [1P:op-settings/src/store/json_store.rs:73] Settings file created @ 2025-06-30 04:31:41.246944551 UTC and last modified @ 2025-06-30 04:32:03.602934775 UTC
INFO  2025-06-30T04:37:01.474+00:00 [1P:op-settings/src/store/json_store.rs:73] Settings file created @ 2025-06-30 04:31:41.246944551 UTC and last modified @ 2025-06-30 04:37:01.472796011 UTC
INFO  2025-06-30T04:43:06.096+00:00 [1P:app/op-app/src/app/backend/lock.rs:190] Lock state changed: Locked
INFO  2025-06-30T04:43:06.096+00:00 [1P:app/op-app/src/app/backend/lock.rs:225] Locked. Reason: Automatic(DeviceLocked).
INFO  2025-06-30T04:43:06.096+00:00 [1P:app/op-app/src/app/backend/mycelium/task_management.rs:65] Received a Mycelium channel close request, ignoring request as no task is actively running
WARN  2025-06-30T04:43:06.096+00:00 [1P:data/op-syncer/src/queue.rs:123] Syncer channel for versioned syncs hung up! Sync task will be shut down.
ERROR 2025-06-30T04:43:06.102+00:00 [1P:ffi/op-core-node/src/lib.rs:623] CollectionNotFound
ERROR 2025-06-30T04:43:06.102+00:00 [1P:ffi/op-core-node/src/lib.rs:623] CollectionNotFound
INFO  2025-06-30T04:43:06.106+00:00 [1P:app/op-app/src/app/backend/lock_screen.rs:93] System unlock is enabled: true
INFO  2025-06-30T04:43:06.106+00:00 [1P:foundation/op-system-auth/src/lib.rs:329] Biometry is available for 1 or more accounts
INFO  2025-06-30T04:43:06.106+00:00 [1P:app/op-app/src/app/backend/lock_screen.rs:121] Sys auth status Ready
INFO  2025-06-30T04:43:06.118+00:00 [1P:app/op-app/src/app/backend/lock_screen.rs:93] System unlock is enabled: true
INFO  2025-06-30T04:43:06.118+00:00 [1P:foundation/op-system-auth/src/lib.rs:329] Biometry is available for 1 or more accounts
INFO  2025-06-30T04:43:06.333+00:00 [1P:app/op-app/src/app/backend/lock_screen.rs:93] System unlock is enabled: true
INFO  2025-06-30T04:43:06.334+00:00 [1P:foundation/op-system-auth/src/lib.rs:329] Biometry is available for 1 or more accounts
ERROR 2025-06-30T04:43:06.334+00:00 [1P:app/op-app/src/app/components/route_persister.rs:31] Could not get key from unlocked account!
INFO  2025-06-30T04:43:06.334+00:00 [1P:app/op-app/src/app/backend/lock_screen.rs:121] Sys auth status Ready
