[2025-06-30 22:48:50.714][verbose] Chromium sandbox is enabled
[2025-06-30 22:48:50.716][info] Running version 2025.7
[2025-06-30 22:48:50.799][info] Detected locale: en-US
[2025-06-30 22:48:50.838][info] Connected to the daemon
[2025-06-30 22:48:50.911][info] Autoconnect the tunnel
[2025-06-30 23:48:50.846][verbose] GRPC Channel connectivity state changed to 2
[2025-07-01 00:48:50.850][verbose] GRPC Channel connectivity state changed to 2
[2025-07-01 01:48:50.859][verbose] GRPC Channel connectivity state changed to 2
[2025-07-01 02:48:50.866][verbose] GRPC Channel connectivity state changed to 2
[2025-07-01 03:48:50.869][verbose] GRPC Channel connectivity state changed to 2
[2025-07-01 04:48:50.878][verbose] GRPC Channel connectivity state changed to 2
[2025-07-01 05:48:50.885][verbose] GRPC Channel connectivity state changed to 2
[2025-07-01 06:48:50.887][verbose] GRPC Channel connectivity state changed to 2
[2025-07-01 07:48:50.890][verbose] GRPC Channel connectivity state changed to 2
[2025-07-01 08:48:50.895][verbose] GRPC Channel connectivity state changed to 2
[2025-07-01 09:48:50.897][verbose] GRPC Channel connectivity state changed to 2
[2025-07-01 10:48:50.905][verbose] GRPC Channel connectivity state changed to 2
[2025-07-01 11:48:50.909][verbose] GRPC Channel connectivity state changed to 2
[2025-07-01 12:48:50.911][verbose] GRPC Channel connectivity state changed to 2
[2025-07-01 13:48:50.919][verbose] GRPC Channel connectivity state changed to 2
[2025-07-01 14:48:50.924][verbose] GRPC Channel connectivity state changed to 2
[2025-07-01 15:48:50.925][verbose] GRPC Channel connectivity state changed to 2
[2025-07-01 16:48:50.932][verbose] GRPC Channel connectivity state changed to 2
[2025-07-01 17:48:50.935][verbose] GRPC Channel connectivity state changed to 2
[2025-07-01 18:48:50.945][verbose] GRPC Channel connectivity state changed to 2
[2025-07-01 19:48:50.951][verbose] GRPC Channel connectivity state changed to 2
[2025-07-01 20:48:50.953][verbose] GRPC Channel connectivity state changed to 2
[2025-07-01 21:48:50.962][verbose] GRPC Channel connectivity state changed to 2
[2025-07-01 22:48:50.967][verbose] GRPC Channel connectivity state changed to 2
[2025-07-01 23:48:50.969][verbose] GRPC Channel connectivity state changed to 2
[2025-07-02 00:48:50.978][verbose] GRPC Channel connectivity state changed to 2
[2025-07-02 01:48:50.982][verbose] GRPC Channel connectivity state changed to 2
[2025-07-02 02:48:50.984][verbose] GRPC Channel connectivity state changed to 2
[2025-07-02 03:48:50.994][verbose] GRPC Channel connectivity state changed to 2
[2025-07-02 04:48:50.999][verbose] GRPC Channel connectivity state changed to 2
[2025-07-02 05:48:51.001][verbose] GRPC Channel connectivity state changed to 2
[2025-07-02 06:48:51.010][verbose] GRPC Channel connectivity state changed to 2
[2025-07-02 07:48:51.016][verbose] GRPC Channel connectivity state changed to 2
[2025-07-02 08:48:51.019][verbose] GRPC Channel connectivity state changed to 2
[2025-07-02 09:48:51.029][verbose] GRPC Channel connectivity state changed to 2
[2025-07-02 10:48:51.034][verbose] GRPC Channel connectivity state changed to 2
[2025-07-02 11:48:51.036][verbose] GRPC Channel connectivity state changed to 2
[2025-07-02 12:48:51.046][verbose] GRPC Channel connectivity state changed to 2
